  source.c
E:\beatc++\BeatProject\source.c(45,25): warning C4477: 'scanf_s' : 서식 문자열 '%s'에 'unsigned int' 형식의 인수가 필요하지만 variadic 인수 2의 형식이 'size_t'입니다.
E:\beatc++\BeatProject\source.c(45,25): message : 이 인수는 버퍼 크기로 사용됩니다.
E:\beatc++\BeatProject\source.c(52,21): warning C4477: 'scanf_s' : 서식 문자열 '%s'에 'unsigned int' 형식의 인수가 필요하지만 variadic 인수 2의 형식이 'size_t'입니다.
E:\beatc++\BeatProject\source.c(52,21): message : 이 인수는 버퍼 크기로 사용됩니다.
E:\beatc++\BeatProject\source.c(89,13): warning C4477: 'scanf_s' : 서식 문자열 '%s'에 'unsigned int' 형식의 인수가 필요하지만 variadic 인수 2의 형식이 'size_t'입니다.
E:\beatc++\BeatProject\source.c(89,13): message : 이 인수는 버퍼 크기로 사용됩니다.
E:\beatc++\BeatProject\source.c(94,13): warning C4477: 'scanf_s' : 서식 문자열 '%s'에 'unsigned int' 형식의 인수가 필요하지만 variadic 인수 2의 형식이 'size_t'입니다.
E:\beatc++\BeatProject\source.c(94,13): message : 이 인수는 버퍼 크기로 사용됩니다.
E:\beatc++\BeatProject\source.c(97,13): warning C4477: 'scanf_s' : 서식 문자열 '%s'에 'unsigned int' 형식의 인수가 필요하지만 variadic 인수 2의 형식이 'size_t'입니다.
E:\beatc++\BeatProject\source.c(97,13): message : 이 인수는 버퍼 크기로 사용됩니다.
E:\beatc++\BeatProject\source.c(100,13): warning C4477: 'scanf_s' : 서식 문자열 '%s'에 'unsigned int' 형식의 인수가 필요하지만 variadic 인수 2의 형식이 'size_t'입니다.
E:\beatc++\BeatProject\source.c(100,13): message : 이 인수는 버퍼 크기로 사용됩니다.
E:\beatc++\BeatProject\source.c(103,13): warning C4477: 'scanf_s' : 서식 문자열 '%s'에 'unsigned int' 형식의 인수가 필요하지만 variadic 인수 2의 형식이 'size_t'입니다.
E:\beatc++\BeatProject\source.c(103,13): message : 이 인수는 버퍼 크기로 사용됩니다.
E:\beatc++\BeatProject\source.c(142,21): warning C4473: 'scanf_s': 서식 문자열에 대한 인수가 충분하게 전달되지 않았습니다.
E:\beatc++\BeatProject\source.c(142,21): message : 자리 표시자 및 해당 매개 변수에는 variadic 인수가 2개 필요하지만 1개가 제공되었습니다.
E:\beatc++\BeatProject\source.c(142,21): message : 누락된 variadic 인수 2이(가) 서식 문자열 '%c'에 필요합니다.
E:\beatc++\BeatProject\source.c(142,21): message : 이 인수는 버퍼 크기로 사용됩니다.
  LINK : E:\beatc++\BeatProject\x64\Debug\BeatProject.exe을(를) 찾을 수 없거나 마지막 증분 링크에 의해 빌드되지 않았습니다. 전체 링크를 수행하고 있습니다.
  BeatProject.vcxproj -> E:\beatc++\BeatProject\x64\Debug\BeatProject.exe
